<?xml version="1.0" encoding="UTF-8"?>
<!-- Generated by org.testng.reporters.JUnitXMLReporter -->
<testsuite ignored="0" hostname="LAPTOP-9R8J0387" failures="1" tests="1" name="Test Rectangle with 0 height" time="0.003" errors="0" timestamp="2022-09-10T10:30:49 IDT">
  <testcase classname="TestNG_JUnit_Task.TestNG_JUnit_Task.TestRectangleWithparameters" name="testRectangleWithParams" time="0.0">
    <failure type="java.lang.AssertionError" message="expected [3.0] but found [0.0]">
      <![CDATA[java.lang.AssertionError: expected [3.0] but found [0.0]
at TestNG_JUnit_Task.TestNG_JUnit_Task.TestRectangleWithparameters.testRectangleWithParams(TestRectangleWithparameters.java:18)
at java.base/java.util.ArrayList.forEach(ArrayList.java:1511)
... Removed 29 stack frames]]>
    </failure>
  </testcase> <!-- testRectangleWithParams -->
</testsuite> <!-- Test Rectangle with 0 height -->
