<?xml version="1.0" encoding="UTF-8"?>
<!-- Generated by org.testng.reporters.JUnitXMLReporter -->
<testsuite ignored="0" hostname="LAPTOP-9R8J0387" failures="1" tests="2" name="Test with params1" time="0.049" errors="0" timestamp="2022-09-10T10:30:49 IDT">
  <testcase classname="TestNG_JUnit_Task.TestNG_JUnit_Task.TestTrapezoidWithparameters" name="testRectangleWithParams" time="0.0">
    <failure type="org.testng.TestNGException" message="
Parameter &amp;apos;width&amp;apos; is required by @Test on method testRectangleWithParams but has not been marked @Optional or defined
in D:\0_Techlinich\TestingTask\TestNG_JUnit_Task\TestNGWithparameters.xml">
      <![CDATA[org.testng.TestNGException: 
Parameter 'width' is required by @Test on method testRectangleWithParams but has not been marked @Optional or defined
in D:\0_Techlinich\TestingTask\TestNG_JUnit_Task\TestNGWithparameters.xml
at java.base/java.util.ArrayList.forEach(ArrayList.java:1511)
... Removed 26 stack frames]]>
    </failure>
  </testcase> <!-- testRectangleWithParams -->
  <testcase classname="TestNG_JUnit_Task.TestNG_JUnit_Task.TestTrapezoidWithparameters" name="testTrapezoidWithParams" time="0.009"/>
</testsuite> <!-- Test with params1 -->
